0 verbose cli /usr/bin/node /usr/bin/npm
1 info using npm@10.8.2
2 info using node@v20.19.5
3 silly config load:file:/usr/lib/node_modules/npm/npmrc
4 silly config load:file:/home/ubuntu/ecommerce-frontend/.npmrc
5 silly config load:file:/home/ubuntu/.npmrc
6 silly config load:file:/usr/etc/npmrc
7 verbose title npm install @testing-library/dom@^10.4.0 @testing-library/jest-dom@^6.6.3 @testing-library/react@^16.1.0 @testing-library/user-event@^13.2.1 web-vitals@^2.1.0
8 verbose argv "install" "--no-audit" "--save" "@testing-library/dom@^10.4.0" "@testing-library/jest-dom@^6.6.3" "@testing-library/react@^16.1.0" "@testing-library/user-event@^13.2.1" "web-vitals@^2.1.0"
9 verbose logfile logs-max:10 dir:/home/ubuntu/.npm/_logs/2025-10-28T07_45_43_415Z-
10 verbose logfile /home/ubuntu/.npm/_logs/2025-10-28T07_45_43_415Z-debug-0.log
11 silly packumentCache heap:2101608448 maxSize:525402112 maxEntrySize:262701056
12 silly logfile start cleaning logs, removing 1 files
13 silly logfile done cleaning log files
14 silly idealTree buildDeps
15 silly fetch manifest @testing-library/dom@^10.4.0
16 silly packumentCache full:https://registry.npmjs.org/@testing-library%2fdom cache-miss
17 http fetch GET 200 https://registry.npmjs.org/@testing-library%2fdom 529ms (cache miss)
18 silly packumentCache full:https://registry.npmjs.org/@testing-library%2fdom set size:undefined disposed:false
19 silly fetch manifest @testing-library/jest-dom@^6.6.3
20 silly packumentCache full:https://registry.npmjs.org/@testing-library%2fjest-dom cache-miss
21 http fetch GET 200 https://registry.npmjs.org/@testing-library%2fjest-dom 664ms (cache miss)
22 silly packumentCache full:https://registry.npmjs.org/@testing-library%2fjest-dom set size:undefined disposed:false
23 silly fetch manifest @testing-library/react@^16.1.0
24 silly packumentCache full:https://registry.npmjs.org/@testing-library%2freact cache-miss
25 http fetch GET 200 https://registry.npmjs.org/@testing-library%2freact 60ms (cache miss)
26 silly packumentCache full:https://registry.npmjs.org/@testing-library%2freact set size:undefined disposed:false
27 silly fetch manifest @types/react@^18.0.0 || ^19.0.0
28 silly packumentCache full:https://registry.npmjs.org/@types%2freact cache-miss
29 http fetch GET 200 https://registry.npmjs.org/@types%2freact 75ms (cache miss)
30 silly packumentCache full:https://registry.npmjs.org/@types%2freact set size:undefined disposed:false
31 silly fetch manifest @types/react-dom@^18.0.0 || ^19.0.0
32 silly packumentCache full:https://registry.npmjs.org/@types%2freact-dom cache-miss
33 http fetch GET 200 https://registry.npmjs.org/@types%2freact-dom 41ms (cache miss)
34 silly packumentCache full:https://registry.npmjs.org/@types%2freact-dom set size:undefined disposed:false
35 silly fetch manifest react@^19.2.0
36 silly packumentCache full:https://registry.npmjs.org/react cache-miss
37 http fetch GET 200 https://registry.npmjs.org/react 22ms (cache hit)
38 silly packumentCache full:https://registry.npmjs.org/react set size:6200913 disposed:false
39 silly fetch manifest react-dom@^19.2.0
40 silly packumentCache full:https://registry.npmjs.org/react-dom cache-miss
41 http fetch GET 200 https://registry.npmjs.org/react-dom 60ms (cache hit)
42 silly packumentCache full:https://registry.npmjs.org/react-dom set size:8097897 disposed:false
43 silly fetch manifest @testing-library/user-event@^13.2.1
44 silly packumentCache full:https://registry.npmjs.org/@testing-library%2fuser-event cache-miss
45 http fetch GET 200 https://registry.npmjs.org/@testing-library%2fuser-event 66ms (cache miss)
46 silly packumentCache full:https://registry.npmjs.org/@testing-library%2fuser-event set size:undefined disposed:false
47 silly fetch manifest web-vitals@^2.1.0
48 silly packumentCache full:https://registry.npmjs.org/web-vitals cache-miss
49 http fetch GET 200 https://registry.npmjs.org/web-vitals 40ms (cache miss)
50 silly packumentCache full:https://registry.npmjs.org/web-vitals set size:undefined disposed:false
51 silly placeDep ROOT @testing-library/dom@10.4.1 OK for: ecommerce-frontend@0.1.0 want: ^10.4.0
52 silly placeDep ROOT @testing-library/jest-dom@6.9.1 OK for: ecommerce-frontend@0.1.0 want: ^6.6.3
53 silly placeDep ROOT @testing-library/react@16.3.0 OK for: ecommerce-frontend@0.1.0 want: ^16.1.0
54 silly placeDep ROOT @testing-library/user-event@13.5.0 OK for: ecommerce-frontend@0.1.0 want: ^13.2.1
55 silly placeDep ROOT web-vitals@2.1.4 OK for: ecommerce-frontend@0.1.0 want: ^2.1.0
56 silly fetch manifest @types/aria-query@^5.0.1
57 silly packumentCache full:https://registry.npmjs.org/@types%2faria-query cache-miss
58 http fetch GET 200 https://registry.npmjs.org/@types%2faria-query 39ms (cache miss)
59 silly packumentCache full:https://registry.npmjs.org/@types%2faria-query set size:undefined disposed:false
60 silly fetch manifest aria-query@5.3.0
61 silly packumentCache full:https://registry.npmjs.org/aria-query cache-miss
62 http fetch GET 200 https://registry.npmjs.org/aria-query 4ms (cache hit)
63 silly packumentCache full:https://registry.npmjs.org/aria-query set size:98864 disposed:false
64 silly fetch manifest dom-accessibility-api@^0.5.9
65 silly packumentCache full:https://registry.npmjs.org/dom-accessibility-api cache-miss
66 http fetch GET 200 https://registry.npmjs.org/dom-accessibility-api 33ms (cache miss)
67 silly packumentCache full:https://registry.npmjs.org/dom-accessibility-api set size:undefined disposed:false
68 silly fetch manifest lz-string@^1.5.0
69 silly packumentCache full:https://registry.npmjs.org/lz-string cache-miss
70 http fetch GET 200 https://registry.npmjs.org/lz-string 25ms (cache miss)
71 silly packumentCache full:https://registry.npmjs.org/lz-string set size:undefined disposed:false
72 silly fetch manifest @adobe/css-tools@^4.4.0
73 silly packumentCache full:https://registry.npmjs.org/@adobe%2fcss-tools cache-miss
74 http fetch GET 200 https://registry.npmjs.org/@adobe%2fcss-tools 59ms (cache miss)
75 silly packumentCache full:https://registry.npmjs.org/@adobe%2fcss-tools set size:undefined disposed:false
76 silly fetch manifest css.escape@^1.5.1
77 silly packumentCache full:https://registry.npmjs.org/css.escape cache-miss
78 http fetch GET 200 https://registry.npmjs.org/css.escape 34ms (cache miss)
79 silly packumentCache full:https://registry.npmjs.org/css.escape set size:undefined disposed:false
80 silly fetch manifest dom-accessibility-api@^0.6.3
81 silly packumentCache full:https://registry.npmjs.org/dom-accessibility-api cache-miss
82 http fetch GET 200 https://registry.npmjs.org/dom-accessibility-api 3ms (cache hit)
83 silly packumentCache full:https://registry.npmjs.org/dom-accessibility-api set size:171028 disposed:false
84 silly fetch manifest redent@^3.0.0
85 silly packumentCache full:https://registry.npmjs.org/redent cache-miss
86 http fetch GET 200 https://registry.npmjs.org/redent 29ms (cache miss)
87 silly packumentCache full:https://registry.npmjs.org/redent set size:undefined disposed:false
88 silly placeDep ROOT @types/aria-query@5.0.4 OK for: @testing-library/dom@10.4.1 want: ^5.0.1
89 silly placeDep node_modules/@testing-library/dom aria-query@5.3.0 OK for: @testing-library/dom@10.4.1 want: 5.3.0
90 silly placeDep ROOT dom-accessibility-api@0.5.16 OK for: @testing-library/dom@10.4.1 want: ^0.5.9
91 silly placeDep ROOT lz-string@1.5.0 OK for: @testing-library/dom@10.4.1 want: ^1.5.0
92 silly fetch manifest dequal@^2.0.3
93 silly packumentCache full:https://registry.npmjs.org/dequal cache-miss
94 http fetch GET 200 https://registry.npmjs.org/dequal 30ms (cache miss)
95 silly packumentCache full:https://registry.npmjs.org/dequal set size:undefined disposed:false
96 silly placeDep ROOT @adobe/css-tools@4.4.4 OK for: @testing-library/jest-dom@6.9.1 want: ^4.4.0
97 silly placeDep ROOT css.escape@1.5.1 OK for: @testing-library/jest-dom@6.9.1 want: ^1.5.1
98 silly placeDep node_modules/@testing-library/jest-dom dom-accessibility-api@0.6.3 OK for: @testing-library/jest-dom@6.9.1 want: ^0.6.3
99 silly placeDep ROOT redent@3.0.0 OK for: @testing-library/jest-dom@6.9.1 want: ^3.0.0
100 silly fetch manifest indent-string@^4.0.0
101 silly packumentCache full:https://registry.npmjs.org/indent-string cache-miss
102 http fetch GET 200 https://registry.npmjs.org/indent-string 23ms (cache miss)
103 silly packumentCache full:https://registry.npmjs.org/indent-string set size:undefined disposed:false
104 silly fetch manifest strip-indent@^3.0.0
105 silly packumentCache full:https://registry.npmjs.org/strip-indent cache-miss
106 http fetch GET 200 https://registry.npmjs.org/strip-indent 30ms (cache miss)
107 silly packumentCache full:https://registry.npmjs.org/strip-indent set size:undefined disposed:false
108 silly fetch manifest typescript@^3.2.1 || ^4
109 silly packumentCache full:https://registry.npmjs.org/typescript cache-miss
110 http fetch GET 200 https://registry.npmjs.org/typescript 41ms (cache hit)
111 silly packumentCache full:https://registry.npmjs.org/typescript set size:14832548 disposed:false
112 silly placeDep ROOT typescript@4.9.5 REPLACE for: react-scripts@5.0.1 want: ^3.2.1 || ^4
113 silly placeDep ROOT indent-string@4.0.0 OK for: redent@3.0.0 want: ^4.0.0
114 silly placeDep ROOT strip-indent@3.0.0 OK for: redent@3.0.0 want: ^3.0.0
115 silly fetch manifest min-indent@^1.0.0
116 silly packumentCache full:https://registry.npmjs.org/min-indent cache-miss
117 http fetch GET 200 https://registry.npmjs.org/min-indent 28ms (cache miss)
118 silly packumentCache full:https://registry.npmjs.org/min-indent set size:undefined disposed:false
119 silly placeDep ROOT min-indent@1.0.1 OK for: strip-indent@3.0.0 want: ^1.0.0
120 silly placeDep ROOT dequal@2.0.3 OK for: aria-query@5.3.0 want: ^2.0.3
121 silly reify mark retired [
121 silly reify   '/home/ubuntu/ecommerce-frontend/node_modules/typescript',
121 silly reify   '/home/ubuntu/ecommerce-frontend/node_modules/.bin/tsc',
121 silly reify   '/home/ubuntu/ecommerce-frontend/node_modules/.bin/tsserver'
121 silly reify ]
122 silly reify moves {
122 silly reify   '/home/ubuntu/ecommerce-frontend/node_modules/typescript': '/home/ubuntu/ecommerce-frontend/node_modules/.typescript-oIaRP80h',
122 silly reify   '/home/ubuntu/ecommerce-frontend/node_modules/.bin/tsc': '/home/ubuntu/ecommerce-frontend/node_modules/.bin/.tsc-twvPECHl',
122 silly reify   '/home/ubuntu/ecommerce-frontend/node_modules/.bin/tsserver': '/home/ubuntu/ecommerce-frontend/node_modules/.bin/.tsserver-mnspfFLB'
122 silly reify }
123 verbose reify failed optional dependency /home/ubuntu/ecommerce-frontend/node_modules/fsevents
124 silly reify mark deleted [ '/home/ubuntu/ecommerce-frontend/node_modules/fsevents' ]
125 silly tarball no local data for dequal@https://registry.npmjs.org/dequal/-/dequal-2.0.3.tgz. Extracting by manifest.
126 silly tarball no local data for min-indent@https://registry.npmjs.org/min-indent/-/min-indent-1.0.1.tgz. Extracting by manifest.
127 silly tarball no local data for strip-indent@https://registry.npmjs.org/strip-indent/-/strip-indent-3.0.0.tgz. Extracting by manifest.
128 silly tarball no local data for indent-string@https://registry.npmjs.org/indent-string/-/indent-string-4.0.0.tgz. Extracting by manifest.
129 silly tarball no local data for redent@https://registry.npmjs.org/redent/-/redent-3.0.0.tgz. Extracting by manifest.
130 silly tarball no local data for css.escape@https://registry.npmjs.org/css.escape/-/css.escape-1.5.1.tgz. Extracting by manifest.
131 silly tarball no local data for @adobe/css-tools@https://registry.npmjs.org/@adobe/css-tools/-/css-tools-4.4.4.tgz. Extracting by manifest.
132 silly tarball no local data for lz-string@https://registry.npmjs.org/lz-string/-/lz-string-1.5.0.tgz. Extracting by manifest.
133 silly tarball no local data for dom-accessibility-api@https://registry.npmjs.org/dom-accessibility-api/-/dom-accessibility-api-0.5.16.tgz. Extracting by manifest.
134 silly tarball no local data for @types/aria-query@https://registry.npmjs.org/@types/aria-query/-/aria-query-5.0.4.tgz. Extracting by manifest.
135 silly tarball no local data for web-vitals@https://registry.npmjs.org/web-vitals/-/web-vitals-2.1.4.tgz. Extracting by manifest.
136 silly tarball no local data for @testing-library/user-event@https://registry.npmjs.org/@testing-library/user-event/-/user-event-13.5.0.tgz. Extracting by manifest.
137 silly tarball no local data for @testing-library/react@https://registry.npmjs.org/@testing-library/react/-/react-16.3.0.tgz. Extracting by manifest.
138 silly tarball no local data for @testing-library/jest-dom@https://registry.npmjs.org/@testing-library/jest-dom/-/jest-dom-6.9.1.tgz. Extracting by manifest.
139 silly tarball no local data for @testing-library/dom@https://registry.npmjs.org/@testing-library/dom/-/dom-10.4.1.tgz. Extracting by manifest.
140 silly tarball no local data for typescript@https://registry.npmjs.org/typescript/-/typescript-4.9.5.tgz. Extracting by manifest.
141 silly tarball no local data for dom-accessibility-api@https://registry.npmjs.org/dom-accessibility-api/-/dom-accessibility-api-0.6.3.tgz. Extracting by manifest.
142 silly tarball no local data for aria-query@https://registry.npmjs.org/aria-query/-/aria-query-5.3.0.tgz. Extracting by manifest.
143 http fetch GET 200 https://registry.npmjs.org/dequal/-/dequal-2.0.3.tgz 206ms (cache miss)
144 http fetch GET 200 https://registry.npmjs.org/strip-indent/-/strip-indent-3.0.0.tgz 214ms (cache miss)
145 http fetch GET 200 https://registry.npmjs.org/redent/-/redent-3.0.0.tgz 212ms (cache miss)
146 http fetch GET 200 https://registry.npmjs.org/indent-string/-/indent-string-4.0.0.tgz 214ms (cache miss)
147 http fetch GET 200 https://registry.npmjs.org/min-indent/-/min-indent-1.0.1.tgz 232ms (cache miss)
148 http fetch GET 200 https://registry.npmjs.org/css.escape/-/css.escape-1.5.1.tgz 233ms (cache miss)
149 http fetch GET 200 https://registry.npmjs.org/@types/aria-query/-/aria-query-5.0.4.tgz 243ms (cache miss)
150 http fetch GET 200 https://registry.npmjs.org/@adobe/css-tools/-/css-tools-4.4.4.tgz 331ms (cache miss)
151 http fetch GET 200 https://registry.npmjs.org/lz-string/-/lz-string-1.5.0.tgz 332ms (cache miss)
152 http fetch GET 200 https://registry.npmjs.org/@testing-library/react/-/react-16.3.0.tgz 361ms (cache miss)
153 http fetch GET 200 https://registry.npmjs.org/dom-accessibility-api/-/dom-accessibility-api-0.5.16.tgz 397ms (cache miss)
154 http fetch GET 200 https://registry.npmjs.org/web-vitals/-/web-vitals-2.1.4.tgz 406ms (cache miss)
155 http fetch GET 200 https://registry.npmjs.org/dom-accessibility-api/-/dom-accessibility-api-0.6.3.tgz 410ms (cache miss)
156 http fetch GET 200 https://registry.npmjs.org/@testing-library/user-event/-/user-event-13.5.0.tgz 454ms (cache miss)
157 http fetch GET 200 https://registry.npmjs.org/@testing-library/jest-dom/-/jest-dom-6.9.1.tgz 464ms (cache miss)
158 http fetch GET 200 https://registry.npmjs.org/aria-query/-/aria-query-5.3.0.tgz 474ms (cache miss)
159 http fetch GET 200 https://registry.npmjs.org/@testing-library/dom/-/dom-10.4.1.tgz 485ms (cache miss)
160 http fetch GET 200 https://registry.npmjs.org/typescript/-/typescript-4.9.5.tgz 1095ms (cache miss)
161 silly ADD node_modules/dequal
162 silly ADD node_modules/min-indent
163 silly ADD node_modules/strip-indent
164 silly ADD node_modules/indent-string
165 silly ADD node_modules/redent
166 silly ADD node_modules/css.escape
167 silly ADD node_modules/@adobe/css-tools
168 silly ADD node_modules/lz-string
169 silly ADD node_modules/dom-accessibility-api
170 silly ADD node_modules/@types/aria-query
171 silly ADD node_modules/web-vitals
172 silly ADD node_modules/@testing-library/user-event
173 silly ADD node_modules/@testing-library/react
174 silly ADD node_modules/@testing-library/jest-dom
175 silly ADD node_modules/@testing-library/jest-dom/node_modules/dom-accessibility-api
176 silly ADD node_modules/@testing-library/dom
177 silly ADD node_modules/@testing-library/dom/node_modules/aria-query
178 silly ADD
179 silly CHANGE node_modules/typescript
180 verbose cwd /home/ubuntu/ecommerce-frontend
181 verbose os Linux 6.8.0-1040-aws
182 verbose node v20.19.5
183 verbose npm  v10.8.2
184 verbose exit 0
185 info ok
